d:\program files (x86)\visual studio projects\freecell\debug\vc141.pdb
d:\program files (x86)\visual studio projects\freecell\debug\vc141.idb
d:\program files (x86)\visual studio projects\freecell\debug\random.obj
d:\program files (x86)\visual studio projects\freecell\debug\playarea.obj
d:\program files (x86)\visual studio projects\freecell\debug\homearea.obj
d:\program files (x86)\visual studio projects\freecell\debug\freecell.obj
d:\program files (x86)\visual studio projects\freecell\debug\freearea.obj
d:\program files (x86)\visual studio projects\freecell\debug\exception.obj
d:\program files (x86)\visual studio projects\freecell\debug\driver.obj
d:\program files (x86)\visual studio projects\freecell\debug\deck.obj
d:\program files (x86)\visual studio projects\freecell\debug\card.obj
d:\program files (x86)\visual studio projects\freecell\debug\freecell.exe
d:\program files (x86)\visual studio projects\freecell\debug\freecell.ilk
d:\program files (x86)\visual studio projects\freecell\debug\freecell.pdb
d:\program files (x86)\visual studio projects\freecell\debug\freecell.tlog\cl.command.1.tlog
d:\program files (x86)\visual studio projects\freecell\debug\freecell.tlog\cl.read.1.tlog
d:\program files (x86)\visual studio projects\freecell\debug\freecell.tlog\cl.write.1.tlog
d:\program files (x86)\visual studio projects\freecell\debug\freecell.tlog\link.command.1.tlog
d:\program files (x86)\visual studio projects\freecell\debug\freecell.tlog\link.read.1.tlog
d:\program files (x86)\visual studio projects\freecell\debug\freecell.tlog\link.write.1.tlog
